  
  Microsoft (R) Program Maintenance Utility Version 14.12.25835.0
  Copyright (C) Microsoft Corporation.  All rights reserved.
  
  	del E:\workspace\Wroclaw2\evo_http_lib\evo_http_lib\\..\Output\Evo\Files\Debug\*.a /Q
  Could Not Find E:\workspace\Wroclaw2\evo_http_lib\Output\Evo\Files\Debug\*.a
  	del E:\workspace\Wroclaw2\evo_http_lib\evo_http_lib\\..\Output\Evo\Files\Debug\*.o /Q
  Could Not Find E:\workspace\Wroclaw2\evo_http_lib\Output\Evo\Files\Debug\*.o
  	del E:\workspace\Wroclaw2\evo_http_lib\evo_http_lib\\..\Output\Evo\Files\Debug\*.lib /Q
  Could Not Find E:\workspace\Wroclaw2\evo_http_lib\Output\Evo\Files\Debug\*.lib
  	del E:\workspace\Wroclaw2\evo_http_lib\evo_http_lib\\..\Output\Evo\Files\Debug\*.axf /Q
  Could Not Find E:\workspace\Wroclaw2\evo_http_lib\Output\Evo\Files\Debug\*.axf
  	del E:\workspace\Wroclaw2\evo_http_lib\evo_http_lib\\..\Output\Evo\Files\Debug\*.map /Q
  Could Not Find E:\workspace\Wroclaw2\evo_http_lib\Output\Evo\Files\Debug\*.map
  	del E:\workspace\Wroclaw2\evo_http_lib\evo_http_lib\\..\Output\Evo\Files\Debug\*.err /Q
  Could Not Find E:\workspace\Wroclaw2\evo_http_lib\Output\Evo\Files\Debug\*.err
  
  Microsoft (R) Program Maintenance Utility Version 14.12.25835.0
  Copyright (C) Microsoft Corporation.  All rights reserved.
  
  	C:\eVoAps\SDK\1.2.0\VRXSDK\bin\vrxcc -p -v -g -shlabs -c -DLOGSYS_FLAG -IC:\eVoAps\SDK\1.2.0\VRXSDK\Include -IE:\workspace\Wroclaw2\evo_http_lib\evo_http_lib\\..\Include -I..\..\evo_vcs_lib\Include -IC:\eVoAps\ACT2000\1.16.0\\Include E:\workspace\Wroclaw2\evo_http_lib\evo_http_lib\\..\Source\httplib.c -o E:\workspace\Wroclaw2\evo_http_lib\evo_http_lib\\..\Output\Evo\Files\Debug\httplib.o
  "C:\Program Files (x86)\ARM\RVCT\Programs\4.0\436\multi1\win_32-pentium\armcc" -Ono_memcpy --library_interface=aeabi_clib --no_unaligned_access -Ono_tree_sequencing --thumb -c --cpu ARM1136J-S --bi -J"C:\eVoAps\SDK\1.2.0\VRXSDK\include" -g -o E:\workspace\Wroclaw2\evo_http_lib\evo_http_lib\\..\Output\Evo\Files\Debug\httplib.o -D_SHARED_LIB --apcs=/inter -IC:\eVoAps\SDK\1.2.0\VRXSDK\Include -IE:\workspace\Wroclaw2\evo_http_lib\evo_http_lib\\..\Include -I..\..\evo_vcs_lib\Include -IC:\eVoAps\ACT2000\1.16.0\\Include -DLOGSYS_FLAG E:\workspace\Wroclaw2\evo_http_lib\evo_http_lib\\..\Source\httplib.c
  "E:\workspace\Wroclaw2\evo_http_lib\evo_http_lib\\..\Source\httplib.c", line 310: Warning:  #223-D: function "_ReceiveChunkedTransfer" declared implicitly
    			_ReceiveChunkedTransfer(buffer, sizeof(buffer), httpContext, &dataRecv);
    			^
  E:\workspace\Wroclaw2\evo_http_lib\evo_http_lib\\..\Source\httplib.c: 1 warning, 0 errors
  	C:\eVoAps\SDK\1.2.0\VRXSDK\bin\vrxcc -p -v -shlpic -g -map E:\workspace\Wroclaw2\evo_http_lib\evo_http_lib\\..\Output\Evo\Files\Debug\httplib.o C:\eVoAps\ACT2000\1.16.0\\OutPut\RV\Files\Shlib1\Release\act.o ..\..\evo_vcs_lib\Output\Evo\Files\Debug\vcslib.o -o E:\workspace\Wroclaw2\evo_http_lib\evo_http_lib\\..\Output\Evo\Files\Debug\httplib.a
  "C:\Program Files (x86)\ARM\RVCT\Programs\4.0\436\multi1\win_32-pentium\armar" -r  E:\workspace\Wroclaw2\evo_http_lib\evo_http_lib\\..\Output\Evo\Files\Debug\httplib.a E:\workspace\Wroclaw2\evo_http_lib\evo_http_lib\\..\Output\Evo\Files\Debug\httplib.o C:\eVoAps\ACT2000\1.16.0\\OutPut\RV\Files\Shlib1\Release\act.o ..\..\evo_vcs_lib\Output\Evo\Files\Debug\vcslib.o 
  Creating archive 'E:\workspace\Wroclaw2\evo_http_lib\evo_http_lib\\..\Output\Evo\Files\Debug\httplib.a'
  	copy E:\workspace\Wroclaw2\evo_http_lib\evo_http_lib\\..\Projects\httplib.lid E:\workspace\Wroclaw2\evo_http_lib\evo_http_lib\\..\Output\Evo\Files\Debug\httplib.lid
          1 file(s) copied.
  	cd E:\workspace\Wroclaw2\evo_http_lib\evo_http_lib\\..\Output\Evo\Files\Debug
  	C:\eVoAps\SDK\1.2.0\VRXSDK\bin\vrxlib -p httplib
  Reading library description HTTPLIB.LID
  Generating base code file _HTTPLIB.S
  "C:\Program Files (x86)\ARM\RVCT\Programs\4.0\436\multi1\win_32-pentium\armasm" --cpu ARM1136J-S --bi --apcs /inter _HTTPLIB.S
  Generating interface file HTTPLIB.S
  "C:\Program Files (x86)\ARM\RVCT\Programs\4.0\436\multi1\win_32-pentium\armasm" --cpu ARM1136J-S --bi --apcs /inter HTTPLIB.S
  "C:\Program Files (x86)\ARM\RVCT\Programs\4.0\436\multi1\win_32-pentium\armlink" -o HTTPLIB.axf --scatter _liblnk_.sct --keep _verix_header --keep *(.dummy_pdt)  --entry _shlgo_abs --be32 --map --symbols --info veneers --list HTTPLIB.map --verbose --errors HTTPLIB.err _HTTPLIB.o HTTPLIB.a "C:\eVoAps\SDK\1.2.0\VRXSDK\lib\verix11.lib" 
  Code Address 70A80040
  Code Size    18724
  Data Address 70A85000
  Data Size    48 (48+0)
  "C:\Program Files (x86)\ARM\RVCT\Programs\4.0\436\multi1\win_32-pentium\armlink" -o HTTPLIB.axf --scatter _liblnk_.sct --keep _verix_header --keep *(.dummy_pdt)  --entry _shlgo_abs --be32 --map --symbols --info veneers --list HTTPLIB.map --verbose --errors HTTPLIB.err _HTTPLIB.o HTTPLIB.a "C:\eVoAps\SDK\1.2.0\VRXSDK\lib\verix11.lib" 
  "C:\Program Files (x86)\ARM\RVCT\Programs\4.0\436\multi1\win_32-pentium\fromelf" --bin HTTPLIB.axf -o HTTPLIB.LIB
  	del E:\workspace\Wroclaw2\evo_http_lib\evo_http_lib\\..\Output\Evo\Files\Debug\httplib.lid /Q
  	move E:\workspace\Wroclaw2\evo_http_lib\evo_http_lib\\..\Output\Evo\Files\Debug\httplib.lib E:\workspace\Wroclaw2\evo_http_lib\evo_http_lib\\..\Output\Evo\Files\Debug\http.lib
          1 file(s) moved.
  	C:\eVoAps\SDK\1.2.0\VRXSDK\bin\vrxhdr -v 1.14 E:\workspace\Wroclaw2\evo_http_lib\evo_http_lib\\..\Output\Evo\Files\Debug\http.lib
  
  Magic        0xA5 (library)
  Flags        0x06 (Thumb, 4KB Aligned)
  Version      1.14
  Library ID   24
  Code Addr    0x70A80040
  Code Size    18770 (0x4952)
  Data Addr    0x00000000
  Data Size    48 (0x30)
  Entry        0x00000CC1 (Thumb code)
  	del \\192.168.65.17\dpajak\sign\test2\* /Q
  	copy E:\workspace\Wroclaw2\evo_http_lib\evo_http_lib\\..\Output\Evo\Files\Debug\http.lib \\192.168.65.17\dpajak\sign\test2\http.lib
          1 file(s) copied.
  	psexec \\onir -u mp -p mp D:\shared\dpajak\sign\signfile_evo.cmd test2/http.lib
  
  PsExec v2.11 - Execute processes remotely
  Copyright (C) 2001-2014 Mark Russinovich
  Sysinternals - www.sysinternals.com
  
  
  Connecting to onir...
  
  
  Starting PSEXESVC service on onir...
  
  
  Connecting with PsExec service on onir...
  
  
  Starting D:\shared\dpajak\sign\signfile_evo.cmd on onir...
  
  
  
  D:\shared\dpajak\sign\signfile_evo.cmd exited on onir with error code 0.
  	psexec \\onir -u mp -p mp "C:\Program Files\Verifone\fst\filesignature.exe"  D:\shared\dpajak\sign\test2\http.lib.fst
  
  PsExec v2.11 - Execute processes remotely
  Copyright (C) 2001-2014 Mark Russinovich
  Sysinternals - www.sysinternals.com
  
  Signing File D:\shared\dpajak\sign\test2/http.lib... OK!
  Connecting to onir...
  
  
  Starting PSEXESVC service on onir...
  
  
  Connecting with PsExec service on onir...
  
  
  Starting C:\Program Files\Verifone\fst\filesignature.exe on onir...
  
  
  
  C:\Program Files\Verifone\fst\filesignature.exe exited on onir with error code 0.
  	copy \\192.168.65.17\dpajak\sign\test2\http.lib.p7s E:\workspace\Wroclaw2\evo_http_lib\evo_http_lib\\..\Output\Evo\Files\Debug\Sign\Flash\http.lib.p7s
          1 file(s) copied.
